c:\users\sun\downloads\2015_c_x64_address_1\.staticdata\wtrace.csid.log
c:\users\sun\downloads\2015_c_x64_address_1\.staticdata\wtrace.cl.11
c:\users\sun\downloads\2015_c_x64_address_1\address_manager\debug\vc140.pdb
c:\users\sun\downloads\2015_c_x64_address_1\address_manager\debug\vc140.idb
c:\users\sun\downloads\2015_c_x64_address_1\address_manager\debug\manager.obj
c:\users\sun\downloads\2015_c_x64_address_1\.staticdata\wtrace.error.log
c:\users\sun\downloads\2015_c_x64_address_1\.staticdata\wtrace.log
c:\users\sun\downloads\2015_c_x64_address_1\.staticdata\wtrace.link.14
c:\users\sun\downloads\2015_c_x64_address_1\debug\address_manager.exe
c:\users\sun\downloads\2015_c_x64_address_1\debug\address_manager.pdb
c:\users\sun\downloads\2015_c_x64_address_1\address_manager\debug\address_manager.tlog\cl.command.1.tlog
c:\users\sun\downloads\2015_c_x64_address_1\address_manager\debug\address_manager.tlog\cl.read.1.tlog
c:\users\sun\downloads\2015_c_x64_address_1\address_manager\debug\address_manager.tlog\cl.write.1.tlog
c:\users\sun\downloads\2015_c_x64_address_1\address_manager\debug\address_manager.tlog\link-vctip.read.81.tlog
c:\users\sun\downloads\2015_c_x64_address_1\address_manager\debug\address_manager.tlog\link-vctip.read.82.tlog
c:\users\sun\downloads\2015_c_x64_address_1\address_manager\debug\address_manager.tlog\link-vctip.write.81.tlog
c:\users\sun\downloads\2015_c_x64_address_1\address_manager\debug\address_manager.tlog\link-vctip.write.82.tlog
c:\users\sun\downloads\2015_c_x64_address_1\address_manager\debug\address_manager.tlog\link.command.1.tlog
c:\users\sun\downloads\2015_c_x64_address_1\address_manager\debug\address_manager.tlog\link.read.1.tlog
c:\users\sun\downloads\2015_c_x64_address_1\address_manager\debug\address_manager.tlog\link.write.1.tlog
